find_library: checking for mysql_query() in -lmysqlclient... -------------------- no

"/usr/bin/gcc-4.2 -o conftest -I/Users/west/.rvm/rubies/ruby-1.9.2-p318/include/ruby-1.9.1/x86_64-darwin11.3.0 -I/Users/west/.rvm/rubies/ruby-1.9.2-p318/include/ruby-1.9.1/ruby/backward -I/Users/west/.rvm/rubies/ruby-1.9.2-p318/include/ruby-1.9.1 -I. -I/usr/local/include -I/Users/west/.rvm/usr/include -D_XOPEN_SOURCE -D_DARWIN_C_SOURCE    -O3 -ggdb -Wextra -Wno-unused-parameter -Wno-parentheses -Wpointer-arith -Wwrite-strings -Wno-missing-field-initializers -Wshorten-64-to-32 -Wno-long-long  -fno-common -pipe conftest.c  -L. -L/Users/west/.rvm/rubies/ruby-1.9.2-p318/lib -L/usr/local/lib -L/Users/west/.rvm/usr/lib -L. -L/usr/local/lib     -lruby.1.9.1-static  -lpthread -ldl -lobjc "
checked program was:
/* begin */
1: #include "ruby.h"
2: 
3: int main() {return 0;}
/* end */

"/usr/bin/gcc-4.2 -o conftest -I/Users/west/.rvm/rubies/ruby-1.9.2-p318/include/ruby-1.9.1/x86_64-darwin11.3.0 -I/Users/west/.rvm/rubies/ruby-1.9.2-p318/include/ruby-1.9.1/ruby/backward -I/Users/west/.rvm/rubies/ruby-1.9.2-p318/include/ruby-1.9.1 -I. -I/usr/local/include -I/Users/west/.rvm/usr/include -D_XOPEN_SOURCE -D_DARWIN_C_SOURCE    -O3 -ggdb -Wextra -Wno-unused-parameter -Wno-parentheses -Wpointer-arith -Wwrite-strings -Wno-missing-field-initializers -Wshorten-64-to-32 -Wno-long-long  -fno-common -pipe conftest.c  -L. -L/Users/west/.rvm/rubies/ruby-1.9.2-p318/lib -L/usr/local/lib -L/Users/west/.rvm/usr/lib -L. -L/usr/local/lib     -lruby.1.9.1-static -lmysqlclient  -lpthread -ldl -lobjc "
conftest.c: In function ‘t’:
conftest.c:5: error: ‘mysql_query’ undeclared (first use in this function)
conftest.c:5: error: (Each undeclared identifier is reported only once
conftest.c:5: error: for each function it appears in.)
checked program was:
/* begin */
1: #include "ruby.h"
2: 
3: /*top*/
4: int main() {return 0;}
5: int t() { void ((*volatile p)()); p = (void ((*)()))mysql_query; return 0; }
/* end */

"/usr/bin/gcc-4.2 -o conftest -I/Users/west/.rvm/rubies/ruby-1.9.2-p318/include/ruby-1.9.1/x86_64-darwin11.3.0 -I/Users/west/.rvm/rubies/ruby-1.9.2-p318/include/ruby-1.9.1/ruby/backward -I/Users/west/.rvm/rubies/ruby-1.9.2-p318/include/ruby-1.9.1 -I. -I/usr/local/include -I/Users/west/.rvm/usr/include -D_XOPEN_SOURCE -D_DARWIN_C_SOURCE    -O3 -ggdb -Wextra -Wno-unused-parameter -Wno-parentheses -Wpointer-arith -Wwrite-strings -Wno-missing-field-initializers -Wshorten-64-to-32 -Wno-long-long  -fno-common -pipe conftest.c  -L. -L/Users/west/.rvm/rubies/ruby-1.9.2-p318/lib -L/usr/local/lib -L/Users/west/.rvm/usr/lib -L. -L/usr/local/lib     -lruby.1.9.1-static -lmysqlclient  -lpthread -ldl -lobjc "
ld: library not found for -lmysqlclient
collect2: ld returned 1 exit status
checked program was:
/* begin */
1: #include "ruby.h"
2: 
3: /*top*/
4: int main() {return 0;}
5: int t() { mysql_query(); return 0; }
/* end */

"/usr/bin/gcc-4.2 -o conftest -I/Users/west/.rvm/rubies/ruby-1.9.2-p318/include/ruby-1.9.1/x86_64-darwin11.3.0 -I/Users/west/.rvm/rubies/ruby-1.9.2-p318/include/ruby-1.9.1/ruby/backward -I/Users/west/.rvm/rubies/ruby-1.9.2-p318/include/ruby-1.9.1 -I. -I/usr/local/include -I/Users/west/.rvm/usr/include -D_XOPEN_SOURCE -D_DARWIN_C_SOURCE    -O3 -ggdb -Wextra -Wno-unused-parameter -Wno-parentheses -Wpointer-arith -Wwrite-strings -Wno-missing-field-initializers -Wshorten-64-to-32 -Wno-long-long  -fno-common -pipe conftest.c  -L. -L/Users/west/.rvm/rubies/ruby-1.9.2-p318/lib -L/usr/local/lib -L/Users/west/.rvm/usr/lib -L. -L/usr/local/lib     -lruby.1.9.1-static -lmysqlclient  -lpthread -ldl -lobjc "
conftest.c: In function ‘t’:
conftest.c:5: error: ‘mysql_query’ undeclared (first use in this function)
conftest.c:5: error: (Each undeclared identifier is reported only once
conftest.c:5: error: for each function it appears in.)
checked program was:
/* begin */
1: #include "ruby.h"
2: 
3: /*top*/
4: int main() {return 0;}
5: int t() { void ((*volatile p)()); p = (void ((*)()))mysql_query; return 0; }
/* end */

"/usr/bin/gcc-4.2 -o conftest -I/Users/west/.rvm/rubies/ruby-1.9.2-p318/include/ruby-1.9.1/x86_64-darwin11.3.0 -I/Users/west/.rvm/rubies/ruby-1.9.2-p318/include/ruby-1.9.1/ruby/backward -I/Users/west/.rvm/rubies/ruby-1.9.2-p318/include/ruby-1.9.1 -I. -I/usr/local/include -I/Users/west/.rvm/usr/include -D_XOPEN_SOURCE -D_DARWIN_C_SOURCE    -O3 -ggdb -Wextra -Wno-unused-parameter -Wno-parentheses -Wpointer-arith -Wwrite-strings -Wno-missing-field-initializers -Wshorten-64-to-32 -Wno-long-long  -fno-common -pipe conftest.c  -L. -L/Users/west/.rvm/rubies/ruby-1.9.2-p318/lib -L/usr/local/lib -L/Users/west/.rvm/usr/lib -L. -L/usr/local/lib     -lruby.1.9.1-static -lmysqlclient  -lpthread -ldl -lobjc "
ld: library not found for -lmysqlclient
collect2: ld returned 1 exit status
checked program was:
/* begin */
1: #include "ruby.h"
2: 
3: /*top*/
4: int main() {return 0;}
5: int t() { mysql_query(); return 0; }
/* end */

"/usr/bin/gcc-4.2 -o conftest -I/Users/west/.rvm/rubies/ruby-1.9.2-p318/include/ruby-1.9.1/x86_64-darwin11.3.0 -I/Users/west/.rvm/rubies/ruby-1.9.2-p318/include/ruby-1.9.1/ruby/backward -I/Users/west/.rvm/rubies/ruby-1.9.2-p318/include/ruby-1.9.1 -I. -I/usr/local/include -I/Users/west/.rvm/usr/include -D_XOPEN_SOURCE -D_DARWIN_C_SOURCE    -O3 -ggdb -Wextra -Wno-unused-parameter -Wno-parentheses -Wpointer-arith -Wwrite-strings -Wno-missing-field-initializers -Wshorten-64-to-32 -Wno-long-long  -fno-common -pipe conftest.c  -L. -L/Users/west/.rvm/rubies/ruby-1.9.2-p318/lib -L/usr/local/lib -L/Users/west/.rvm/usr/lib -L/usr/local/lib/mysql -L. -L/usr/local/lib     -lruby.1.9.1-static -lmysqlclient  -lpthread -ldl -lobjc "
conftest.c: In function ‘t’:
conftest.c:5: error: ‘mysql_query’ undeclared (first use in this function)
conftest.c:5: error: (Each undeclared identifier is reported only once
conftest.c:5: error: for each function it appears in.)
checked program was:
/* begin */
1: #include "ruby.h"
2: 
3: /*top*/
4: int main() {return 0;}
5: int t() { void ((*volatile p)()); p = (void ((*)()))mysql_query; return 0; }
/* end */

"/usr/bin/gcc-4.2 -o conftest -I/Users/west/.rvm/rubies/ruby-1.9.2-p318/include/ruby-1.9.1/x86_64-darwin11.3.0 -I/Users/west/.rvm/rubies/ruby-1.9.2-p318/include/ruby-1.9.1/ruby/backward -I/Users/west/.rvm/rubies/ruby-1.9.2-p318/include/ruby-1.9.1 -I. -I/usr/local/include -I/Users/west/.rvm/usr/include -D_XOPEN_SOURCE -D_DARWIN_C_SOURCE    -O3 -ggdb -Wextra -Wno-unused-parameter -Wno-parentheses -Wpointer-arith -Wwrite-strings -Wno-missing-field-initializers -Wshorten-64-to-32 -Wno-long-long  -fno-common -pipe conftest.c  -L. -L/Users/west/.rvm/rubies/ruby-1.9.2-p318/lib -L/usr/local/lib -L/Users/west/.rvm/usr/lib -L/usr/local/lib/mysql -L. -L/usr/local/lib     -lruby.1.9.1-static -lmysqlclient  -lpthread -ldl -lobjc "
ld: warning: directory not found for option '-L/usr/local/lib/mysql'
ld: library not found for -lmysqlclient
collect2: ld returned 1 exit status
checked program was:
/* begin */
1: #include "ruby.h"
2: 
3: /*top*/
4: int main() {return 0;}
5: int t() { mysql_query(); return 0; }
/* end */

--------------------

have_library: checking for main() in -lm... -------------------- yes

"/usr/bin/gcc-4.2 -o conftest -I/Users/west/.rvm/rubies/ruby-1.9.2-p318/include/ruby-1.9.1/x86_64-darwin11.3.0 -I/Users/west/.rvm/rubies/ruby-1.9.2-p318/include/ruby-1.9.1/ruby/backward -I/Users/west/.rvm/rubies/ruby-1.9.2-p318/include/ruby-1.9.1 -I. -I/usr/local/include -I/Users/west/.rvm/usr/include -D_XOPEN_SOURCE -D_DARWIN_C_SOURCE    -O3 -ggdb -Wextra -Wno-unused-parameter -Wno-parentheses -Wpointer-arith -Wwrite-strings -Wno-missing-field-initializers -Wshorten-64-to-32 -Wno-long-long  -fno-common -pipe conftest.c  -L. -L/Users/west/.rvm/rubies/ruby-1.9.2-p318/lib -L/usr/local/lib -L/Users/west/.rvm/usr/lib -L. -L/usr/local/lib     -lruby.1.9.1-static -lm  -lpthread -ldl -lobjc "
checked program was:
/* begin */
1: #include "ruby.h"
2: 
3: /*top*/
4: int main() {return 0;}
5: int t() { void ((*volatile p)()); p = (void ((*)()))main; return 0; }
/* end */

--------------------

find_library: checking for mysql_query() in -lmysqlclient... -------------------- no

"/usr/bin/gcc-4.2 -o conftest -I/Users/west/.rvm/rubies/ruby-1.9.2-p318/include/ruby-1.9.1/x86_64-darwin11.3.0 -I/Users/west/.rvm/rubies/ruby-1.9.2-p318/include/ruby-1.9.1/ruby/backward -I/Users/west/.rvm/rubies/ruby-1.9.2-p318/include/ruby-1.9.1 -I. -I/usr/local/include -I/Users/west/.rvm/usr/include -D_XOPEN_SOURCE -D_DARWIN_C_SOURCE    -O3 -ggdb -Wextra -Wno-unused-parameter -Wno-parentheses -Wpointer-arith -Wwrite-strings -Wno-missing-field-initializers -Wshorten-64-to-32 -Wno-long-long  -fno-common -pipe conftest.c  -L. -L/Users/west/.rvm/rubies/ruby-1.9.2-p318/lib -L/usr/local/lib -L/Users/west/.rvm/usr/lib -L. -L/usr/local/lib    -lm  -lruby.1.9.1-static -lmysqlclient -lm  -lpthread -ldl -lobjc "
conftest.c: In function ‘t’:
conftest.c:5: error: ‘mysql_query’ undeclared (first use in this function)
conftest.c:5: error: (Each undeclared identifier is reported only once
conftest.c:5: error: for each function it appears in.)
checked program was:
/* begin */
1: #include "ruby.h"
2: 
3: /*top*/
4: int main() {return 0;}
5: int t() { void ((*volatile p)()); p = (void ((*)()))mysql_query; return 0; }
/* end */

"/usr/bin/gcc-4.2 -o conftest -I/Users/west/.rvm/rubies/ruby-1.9.2-p318/include/ruby-1.9.1/x86_64-darwin11.3.0 -I/Users/west/.rvm/rubies/ruby-1.9.2-p318/include/ruby-1.9.1/ruby/backward -I/Users/west/.rvm/rubies/ruby-1.9.2-p318/include/ruby-1.9.1 -I. -I/usr/local/include -I/Users/west/.rvm/usr/include -D_XOPEN_SOURCE -D_DARWIN_C_SOURCE    -O3 -ggdb -Wextra -Wno-unused-parameter -Wno-parentheses -Wpointer-arith -Wwrite-strings -Wno-missing-field-initializers -Wshorten-64-to-32 -Wno-long-long  -fno-common -pipe conftest.c  -L. -L/Users/west/.rvm/rubies/ruby-1.9.2-p318/lib -L/usr/local/lib -L/Users/west/.rvm/usr/lib -L. -L/usr/local/lib    -lm  -lruby.1.9.1-static -lmysqlclient -lm  -lpthread -ldl -lobjc "
ld: library not found for -lmysqlclient
collect2: ld returned 1 exit status
checked program was:
/* begin */
1: #include "ruby.h"
2: 
3: /*top*/
4: int main() {return 0;}
5: int t() { mysql_query(); return 0; }
/* end */

"/usr/bin/gcc-4.2 -o conftest -I/Users/west/.rvm/rubies/ruby-1.9.2-p318/include/ruby-1.9.1/x86_64-darwin11.3.0 -I/Users/west/.rvm/rubies/ruby-1.9.2-p318/include/ruby-1.9.1/ruby/backward -I/Users/west/.rvm/rubies/ruby-1.9.2-p318/include/ruby-1.9.1 -I. -I/usr/local/include -I/Users/west/.rvm/usr/include -D_XOPEN_SOURCE -D_DARWIN_C_SOURCE    -O3 -ggdb -Wextra -Wno-unused-parameter -Wno-parentheses -Wpointer-arith -Wwrite-strings -Wno-missing-field-initializers -Wshorten-64-to-32 -Wno-long-long  -fno-common -pipe conftest.c  -L. -L/Users/west/.rvm/rubies/ruby-1.9.2-p318/lib -L/usr/local/lib -L/Users/west/.rvm/usr/lib -L. -L/usr/local/lib    -lm  -lruby.1.9.1-static -lmysqlclient -lm  -lpthread -ldl -lobjc "
conftest.c: In function ‘t’:
conftest.c:5: error: ‘mysql_query’ undeclared (first use in this function)
conftest.c:5: error: (Each undeclared identifier is reported only once
conftest.c:5: error: for each function it appears in.)
checked program was:
/* begin */
1: #include "ruby.h"
2: 
3: /*top*/
4: int main() {return 0;}
5: int t() { void ((*volatile p)()); p = (void ((*)()))mysql_query; return 0; }
/* end */

"/usr/bin/gcc-4.2 -o conftest -I/Users/west/.rvm/rubies/ruby-1.9.2-p318/include/ruby-1.9.1/x86_64-darwin11.3.0 -I/Users/west/.rvm/rubies/ruby-1.9.2-p318/include/ruby-1.9.1/ruby/backward -I/Users/west/.rvm/rubies/ruby-1.9.2-p318/include/ruby-1.9.1 -I. -I/usr/local/include -I/Users/west/.rvm/usr/include -D_XOPEN_SOURCE -D_DARWIN_C_SOURCE    -O3 -ggdb -Wextra -Wno-unused-parameter -Wno-parentheses -Wpointer-arith -Wwrite-strings -Wno-missing-field-initializers -Wshorten-64-to-32 -Wno-long-long  -fno-common -pipe conftest.c  -L. -L/Users/west/.rvm/rubies/ruby-1.9.2-p318/lib -L/usr/local/lib -L/Users/west/.rvm/usr/lib -L. -L/usr/local/lib    -lm  -lruby.1.9.1-static -lmysqlclient -lm  -lpthread -ldl -lobjc "
ld: library not found for -lmysqlclient
collect2: ld returned 1 exit status
checked program was:
/* begin */
1: #include "ruby.h"
2: 
3: /*top*/
4: int main() {return 0;}
5: int t() { mysql_query(); return 0; }
/* end */

"/usr/bin/gcc-4.2 -o conftest -I/Users/west/.rvm/rubies/ruby-1.9.2-p318/include/ruby-1.9.1/x86_64-darwin11.3.0 -I/Users/west/.rvm/rubies/ruby-1.9.2-p318/include/ruby-1.9.1/ruby/backward -I/Users/west/.rvm/rubies/ruby-1.9.2-p318/include/ruby-1.9.1 -I. -I/usr/local/include -I/Users/west/.rvm/usr/include -D_XOPEN_SOURCE -D_DARWIN_C_SOURCE    -O3 -ggdb -Wextra -Wno-unused-parameter -Wno-parentheses -Wpointer-arith -Wwrite-strings -Wno-missing-field-initializers -Wshorten-64-to-32 -Wno-long-long  -fno-common -pipe conftest.c  -L. -L/Users/west/.rvm/rubies/ruby-1.9.2-p318/lib -L/usr/local/lib -L/Users/west/.rvm/usr/lib -L/usr/local/lib/mysql -L. -L/usr/local/lib    -lm  -lruby.1.9.1-static -lmysqlclient -lm  -lpthread -ldl -lobjc "
conftest.c: In function ‘t’:
conftest.c:5: error: ‘mysql_query’ undeclared (first use in this function)
conftest.c:5: error: (Each undeclared identifier is reported only once
conftest.c:5: error: for each function it appears in.)
checked program was:
/* begin */
1: #include "ruby.h"
2: 
3: /*top*/
4: int main() {return 0;}
5: int t() { void ((*volatile p)()); p = (void ((*)()))mysql_query; return 0; }
/* end */

"/usr/bin/gcc-4.2 -o conftest -I/Users/west/.rvm/rubies/ruby-1.9.2-p318/include/ruby-1.9.1/x86_64-darwin11.3.0 -I/Users/west/.rvm/rubies/ruby-1.9.2-p318/include/ruby-1.9.1/ruby/backward -I/Users/west/.rvm/rubies/ruby-1.9.2-p318/include/ruby-1.9.1 -I. -I/usr/local/include -I/Users/west/.rvm/usr/include -D_XOPEN_SOURCE -D_DARWIN_C_SOURCE    -O3 -ggdb -Wextra -Wno-unused-parameter -Wno-parentheses -Wpointer-arith -Wwrite-strings -Wno-missing-field-initializers -Wshorten-64-to-32 -Wno-long-long  -fno-common -pipe conftest.c  -L. -L/Users/west/.rvm/rubies/ruby-1.9.2-p318/lib -L/usr/local/lib -L/Users/west/.rvm/usr/lib -L/usr/local/lib/mysql -L. -L/usr/local/lib    -lm  -lruby.1.9.1-static -lmysqlclient -lm  -lpthread -ldl -lobjc "
ld: warning: directory not found for option '-L/usr/local/lib/mysql'
ld: library not found for -lmysqlclient
collect2: ld returned 1 exit status
checked program was:
/* begin */
1: #include "ruby.h"
2: 
3: /*top*/
4: int main() {return 0;}
5: int t() { mysql_query(); return 0; }
/* end */

--------------------

have_library: checking for main() in -lz... -------------------- yes

"/usr/bin/gcc-4.2 -o conftest -I/Users/west/.rvm/rubies/ruby-1.9.2-p318/include/ruby-1.9.1/x86_64-darwin11.3.0 -I/Users/west/.rvm/rubies/ruby-1.9.2-p318/include/ruby-1.9.1/ruby/backward -I/Users/west/.rvm/rubies/ruby-1.9.2-p318/include/ruby-1.9.1 -I. -I/usr/local/include -I/Users/west/.rvm/usr/include -D_XOPEN_SOURCE -D_DARWIN_C_SOURCE    -O3 -ggdb -Wextra -Wno-unused-parameter -Wno-parentheses -Wpointer-arith -Wwrite-strings -Wno-missing-field-initializers -Wshorten-64-to-32 -Wno-long-long  -fno-common -pipe conftest.c  -L. -L/Users/west/.rvm/rubies/ruby-1.9.2-p318/lib -L/usr/local/lib -L/Users/west/.rvm/usr/lib -L. -L/usr/local/lib    -lm  -lruby.1.9.1-static -lz -lm  -lpthread -ldl -lobjc "
checked program was:
/* begin */
1: #include "ruby.h"
2: 
3: /*top*/
4: int main() {return 0;}
5: int t() { void ((*volatile p)()); p = (void ((*)()))main; return 0; }
/* end */

--------------------

find_library: checking for mysql_query() in -lmysqlclient... -------------------- no

"/usr/bin/gcc-4.2 -o conftest -I/Users/west/.rvm/rubies/ruby-1.9.2-p318/include/ruby-1.9.1/x86_64-darwin11.3.0 -I/Users/west/.rvm/rubies/ruby-1.9.2-p318/include/ruby-1.9.1/ruby/backward -I/Users/west/.rvm/rubies/ruby-1.9.2-p318/include/ruby-1.9.1 -I. -I/usr/local/include -I/Users/west/.rvm/usr/include -D_XOPEN_SOURCE -D_DARWIN_C_SOURCE    -O3 -ggdb -Wextra -Wno-unused-parameter -Wno-parentheses -Wpointer-arith -Wwrite-strings -Wno-missing-field-initializers -Wshorten-64-to-32 -Wno-long-long  -fno-common -pipe conftest.c  -L. -L/Users/west/.rvm/rubies/ruby-1.9.2-p318/lib -L/usr/local/lib -L/Users/west/.rvm/usr/lib -L. -L/usr/local/lib    -lz -lm  -lruby.1.9.1-static -lmysqlclient -lz -lm  -lpthread -ldl -lobjc "
conftest.c: In function ‘t’:
conftest.c:5: error: ‘mysql_query’ undeclared (first use in this function)
conftest.c:5: error: (Each undeclared identifier is reported only once
conftest.c:5: error: for each function it appears in.)
checked program was:
/* begin */
1: #include "ruby.h"
2: 
3: /*top*/
4: int main() {return 0;}
5: int t() { void ((*volatile p)()); p = (void ((*)()))mysql_query; return 0; }
/* end */

"/usr/bin/gcc-4.2 -o conftest -I/Users/west/.rvm/rubies/ruby-1.9.2-p318/include/ruby-1.9.1/x86_64-darwin11.3.0 -I/Users/west/.rvm/rubies/ruby-1.9.2-p318/include/ruby-1.9.1/ruby/backward -I/Users/west/.rvm/rubies/ruby-1.9.2-p318/include/ruby-1.9.1 -I. -I/usr/local/include -I/Users/west/.rvm/usr/include -D_XOPEN_SOURCE -D_DARWIN_C_SOURCE    -O3 -ggdb -Wextra -Wno-unused-parameter -Wno-parentheses -Wpointer-arith -Wwrite-strings -Wno-missing-field-initializers -Wshorten-64-to-32 -Wno-long-long  -fno-common -pipe conftest.c  -L. -L/Users/west/.rvm/rubies/ruby-1.9.2-p318/lib -L/usr/local/lib -L/Users/west/.rvm/usr/lib -L. -L/usr/local/lib    -lz -lm  -lruby.1.9.1-static -lmysqlclient -lz -lm  -lpthread -ldl -lobjc "
ld: library not found for -lmysqlclient
collect2: ld returned 1 exit status
checked program was:
/* begin */
1: #include "ruby.h"
2: 
3: /*top*/
4: int main() {return 0;}
5: int t() { mysql_query(); return 0; }
/* end */

"/usr/bin/gcc-4.2 -o conftest -I/Users/west/.rvm/rubies/ruby-1.9.2-p318/include/ruby-1.9.1/x86_64-darwin11.3.0 -I/Users/west/.rvm/rubies/ruby-1.9.2-p318/include/ruby-1.9.1/ruby/backward -I/Users/west/.rvm/rubies/ruby-1.9.2-p318/include/ruby-1.9.1 -I. -I/usr/local/include -I/Users/west/.rvm/usr/include -D_XOPEN_SOURCE -D_DARWIN_C_SOURCE    -O3 -ggdb -Wextra -Wno-unused-parameter -Wno-parentheses -Wpointer-arith -Wwrite-strings -Wno-missing-field-initializers -Wshorten-64-to-32 -Wno-long-long  -fno-common -pipe conftest.c  -L. -L/Users/west/.rvm/rubies/ruby-1.9.2-p318/lib -L/usr/local/lib -L/Users/west/.rvm/usr/lib -L. -L/usr/local/lib    -lz -lm  -lruby.1.9.1-static -lmysqlclient -lz -lm  -lpthread -ldl -lobjc "
conftest.c: In function ‘t’:
conftest.c:5: error: ‘mysql_query’ undeclared (first use in this function)
conftest.c:5: error: (Each undeclared identifier is reported only once
conftest.c:5: error: for each function it appears in.)
checked program was:
/* begin */
1: #include "ruby.h"
2: 
3: /*top*/
4: int main() {return 0;}
5: int t() { void ((*volatile p)()); p = (void ((*)()))mysql_query; return 0; }
/* end */

"/usr/bin/gcc-4.2 -o conftest -I/Users/west/.rvm/rubies/ruby-1.9.2-p318/include/ruby-1.9.1/x86_64-darwin11.3.0 -I/Users/west/.rvm/rubies/ruby-1.9.2-p318/include/ruby-1.9.1/ruby/backward -I/Users/west/.rvm/rubies/ruby-1.9.2-p318/include/ruby-1.9.1 -I. -I/usr/local/include -I/Users/west/.rvm/usr/include -D_XOPEN_SOURCE -D_DARWIN_C_SOURCE    -O3 -ggdb -Wextra -Wno-unused-parameter -Wno-parentheses -Wpointer-arith -Wwrite-strings -Wno-missing-field-initializers -Wshorten-64-to-32 -Wno-long-long  -fno-common -pipe conftest.c  -L. -L/Users/west/.rvm/rubies/ruby-1.9.2-p318/lib -L/usr/local/lib -L/Users/west/.rvm/usr/lib -L. -L/usr/local/lib    -lz -lm  -lruby.1.9.1-static -lmysqlclient -lz -lm  -lpthread -ldl -lobjc "
ld: library not found for -lmysqlclient
collect2: ld returned 1 exit status
checked program was:
/* begin */
1: #include "ruby.h"
2: 
3: /*top*/
4: int main() {return 0;}
5: int t() { mysql_query(); return 0; }
/* end */

"/usr/bin/gcc-4.2 -o conftest -I/Users/west/.rvm/rubies/ruby-1.9.2-p318/include/ruby-1.9.1/x86_64-darwin11.3.0 -I/Users/west/.rvm/rubies/ruby-1.9.2-p318/include/ruby-1.9.1/ruby/backward -I/Users/west/.rvm/rubies/ruby-1.9.2-p318/include/ruby-1.9.1 -I. -I/usr/local/include -I/Users/west/.rvm/usr/include -D_XOPEN_SOURCE -D_DARWIN_C_SOURCE    -O3 -ggdb -Wextra -Wno-unused-parameter -Wno-parentheses -Wpointer-arith -Wwrite-strings -Wno-missing-field-initializers -Wshorten-64-to-32 -Wno-long-long  -fno-common -pipe conftest.c  -L. -L/Users/west/.rvm/rubies/ruby-1.9.2-p318/lib -L/usr/local/lib -L/Users/west/.rvm/usr/lib -L/usr/local/lib/mysql -L. -L/usr/local/lib    -lz -lm  -lruby.1.9.1-static -lmysqlclient -lz -lm  -lpthread -ldl -lobjc "
conftest.c: In function ‘t’:
conftest.c:5: error: ‘mysql_query’ undeclared (first use in this function)
conftest.c:5: error: (Each undeclared identifier is reported only once
conftest.c:5: error: for each function it appears in.)
checked program was:
/* begin */
1: #include "ruby.h"
2: 
3: /*top*/
4: int main() {return 0;}
5: int t() { void ((*volatile p)()); p = (void ((*)()))mysql_query; return 0; }
/* end */

"/usr/bin/gcc-4.2 -o conftest -I/Users/west/.rvm/rubies/ruby-1.9.2-p318/include/ruby-1.9.1/x86_64-darwin11.3.0 -I/Users/west/.rvm/rubies/ruby-1.9.2-p318/include/ruby-1.9.1/ruby/backward -I/Users/west/.rvm/rubies/ruby-1.9.2-p318/include/ruby-1.9.1 -I. -I/usr/local/include -I/Users/west/.rvm/usr/include -D_XOPEN_SOURCE -D_DARWIN_C_SOURCE    -O3 -ggdb -Wextra -Wno-unused-parameter -Wno-parentheses -Wpointer-arith -Wwrite-strings -Wno-missing-field-initializers -Wshorten-64-to-32 -Wno-long-long  -fno-common -pipe conftest.c  -L. -L/Users/west/.rvm/rubies/ruby-1.9.2-p318/lib -L/usr/local/lib -L/Users/west/.rvm/usr/lib -L/usr/local/lib/mysql -L. -L/usr/local/lib    -lz -lm  -lruby.1.9.1-static -lmysqlclient -lz -lm  -lpthread -ldl -lobjc "
ld: warning: directory not found for option '-L/usr/local/lib/mysql'
ld: library not found for -lmysqlclient
collect2: ld returned 1 exit status
checked program was:
/* begin */
1: #include "ruby.h"
2: 
3: /*top*/
4: int main() {return 0;}
5: int t() { mysql_query(); return 0; }
/* end */

--------------------

have_library: checking for main() in -lsocket... -------------------- no

"/usr/bin/gcc-4.2 -o conftest -I/Users/west/.rvm/rubies/ruby-1.9.2-p318/include/ruby-1.9.1/x86_64-darwin11.3.0 -I/Users/west/.rvm/rubies/ruby-1.9.2-p318/include/ruby-1.9.1/ruby/backward -I/Users/west/.rvm/rubies/ruby-1.9.2-p318/include/ruby-1.9.1 -I. -I/usr/local/include -I/Users/west/.rvm/usr/include -D_XOPEN_SOURCE -D_DARWIN_C_SOURCE    -O3 -ggdb -Wextra -Wno-unused-parameter -Wno-parentheses -Wpointer-arith -Wwrite-strings -Wno-missing-field-initializers -Wshorten-64-to-32 -Wno-long-long  -fno-common -pipe conftest.c  -L. -L/Users/west/.rvm/rubies/ruby-1.9.2-p318/lib -L/usr/local/lib -L/Users/west/.rvm/usr/lib -L. -L/usr/local/lib    -lz -lm  -lruby.1.9.1-static -lsocket -lz -lm  -lpthread -ldl -lobjc "
ld: library not found for -lsocket
collect2: ld returned 1 exit status
checked program was:
/* begin */
1: #include "ruby.h"
2: 
3: /*top*/
4: int main() {return 0;}
5: int t() { void ((*volatile p)()); p = (void ((*)()))main; return 0; }
/* end */

"/usr/bin/gcc-4.2 -o conftest -I/Users/west/.rvm/rubies/ruby-1.9.2-p318/include/ruby-1.9.1/x86_64-darwin11.3.0 -I/Users/west/.rvm/rubies/ruby-1.9.2-p318/include/ruby-1.9.1/ruby/backward -I/Users/west/.rvm/rubies/ruby-1.9.2-p318/include/ruby-1.9.1 -I. -I/usr/local/include -I/Users/west/.rvm/usr/include -D_XOPEN_SOURCE -D_DARWIN_C_SOURCE    -O3 -ggdb -Wextra -Wno-unused-parameter -Wno-parentheses -Wpointer-arith -Wwrite-strings -Wno-missing-field-initializers -Wshorten-64-to-32 -Wno-long-long  -fno-common -pipe conftest.c  -L. -L/Users/west/.rvm/rubies/ruby-1.9.2-p318/lib -L/usr/local/lib -L/Users/west/.rvm/usr/lib -L. -L/usr/local/lib    -lz -lm  -lruby.1.9.1-static -lsocket -lz -lm  -lpthread -ldl -lobjc "
ld: library not found for -lsocket
collect2: ld returned 1 exit status
checked program was:
/* begin */
1: #include "ruby.h"
2: 
3: /*top*/
4: int main() {return 0;}
5: int t() { main(); return 0; }
/* end */

--------------------

find_library: checking for mysql_query() in -lmysqlclient... -------------------- no

"/usr/bin/gcc-4.2 -o conftest -I/Users/west/.rvm/rubies/ruby-1.9.2-p318/include/ruby-1.9.1/x86_64-darwin11.3.0 -I/Users/west/.rvm/rubies/ruby-1.9.2-p318/include/ruby-1.9.1/ruby/backward -I/Users/west/.rvm/rubies/ruby-1.9.2-p318/include/ruby-1.9.1 -I. -I/usr/local/include -I/Users/west/.rvm/usr/include -D_XOPEN_SOURCE -D_DARWIN_C_SOURCE    -O3 -ggdb -Wextra -Wno-unused-parameter -Wno-parentheses -Wpointer-arith -Wwrite-strings -Wno-missing-field-initializers -Wshorten-64-to-32 -Wno-long-long  -fno-common -pipe conftest.c  -L. -L/Users/west/.rvm/rubies/ruby-1.9.2-p318/lib -L/usr/local/lib -L/Users/west/.rvm/usr/lib -L. -L/usr/local/lib    -lz -lm  -lruby.1.9.1-static -lmysqlclient -lz -lm  -lpthread -ldl -lobjc "
conftest.c: In function ‘t’:
conftest.c:5: error: ‘mysql_query’ undeclared (first use in this function)
conftest.c:5: error: (Each undeclared identifier is reported only once
conftest.c:5: error: for each function it appears in.)
checked program was:
/* begin */
1: #include "ruby.h"
2: 
3: /*top*/
4: int main() {return 0;}
5: int t() { void ((*volatile p)()); p = (void ((*)()))mysql_query; return 0; }
/* end */

"/usr/bin/gcc-4.2 -o conftest -I/Users/west/.rvm/rubies/ruby-1.9.2-p318/include/ruby-1.9.1/x86_64-darwin11.3.0 -I/Users/west/.rvm/rubies/ruby-1.9.2-p318/include/ruby-1.9.1/ruby/backward -I/Users/west/.rvm/rubies/ruby-1.9.2-p318/include/ruby-1.9.1 -I. -I/usr/local/include -I/Users/west/.rvm/usr/include -D_XOPEN_SOURCE -D_DARWIN_C_SOURCE    -O3 -ggdb -Wextra -Wno-unused-parameter -Wno-parentheses -Wpointer-arith -Wwrite-strings -Wno-missing-field-initializers -Wshorten-64-to-32 -Wno-long-long  -fno-common -pipe conftest.c  -L. -L/Users/west/.rvm/rubies/ruby-1.9.2-p318/lib -L/usr/local/lib -L/Users/west/.rvm/usr/lib -L. -L/usr/local/lib    -lz -lm  -lruby.1.9.1-static -lmysqlclient -lz -lm  -lpthread -ldl -lobjc "
ld: library not found for -lmysqlclient
collect2: ld returned 1 exit status
checked program was:
/* begin */
1: #include "ruby.h"
2: 
3: /*top*/
4: int main() {return 0;}
5: int t() { mysql_query(); return 0; }
/* end */

"/usr/bin/gcc-4.2 -o conftest -I/Users/west/.rvm/rubies/ruby-1.9.2-p318/include/ruby-1.9.1/x86_64-darwin11.3.0 -I/Users/west/.rvm/rubies/ruby-1.9.2-p318/include/ruby-1.9.1/ruby/backward -I/Users/west/.rvm/rubies/ruby-1.9.2-p318/include/ruby-1.9.1 -I. -I/usr/local/include -I/Users/west/.rvm/usr/include -D_XOPEN_SOURCE -D_DARWIN_C_SOURCE    -O3 -ggdb -Wextra -Wno-unused-parameter -Wno-parentheses -Wpointer-arith -Wwrite-strings -Wno-missing-field-initializers -Wshorten-64-to-32 -Wno-long-long  -fno-common -pipe conftest.c  -L. -L/Users/west/.rvm/rubies/ruby-1.9.2-p318/lib -L/usr/local/lib -L/Users/west/.rvm/usr/lib -L. -L/usr/local/lib    -lz -lm  -lruby.1.9.1-static -lmysqlclient -lz -lm  -lpthread -ldl -lobjc "
conftest.c: In function ‘t’:
conftest.c:5: error: ‘mysql_query’ undeclared (first use in this function)
conftest.c:5: error: (Each undeclared identifier is reported only once
conftest.c:5: error: for each function it appears in.)
checked program was:
/* begin */
1: #include "ruby.h"
2: 
3: /*top*/
4: int main() {return 0;}
5: int t() { void ((*volatile p)()); p = (void ((*)()))mysql_query; return 0; }
/* end */

"/usr/bin/gcc-4.2 -o conftest -I/Users/west/.rvm/rubies/ruby-1.9.2-p318/include/ruby-1.9.1/x86_64-darwin11.3.0 -I/Users/west/.rvm/rubies/ruby-1.9.2-p318/include/ruby-1.9.1/ruby/backward -I/Users/west/.rvm/rubies/ruby-1.9.2-p318/include/ruby-1.9.1 -I. -I/usr/local/include -I/Users/west/.rvm/usr/include -D_XOPEN_SOURCE -D_DARWIN_C_SOURCE    -O3 -ggdb -Wextra -Wno-unused-parameter -Wno-parentheses -Wpointer-arith -Wwrite-strings -Wno-missing-field-initializers -Wshorten-64-to-32 -Wno-long-long  -fno-common -pipe conftest.c  -L. -L/Users/west/.rvm/rubies/ruby-1.9.2-p318/lib -L/usr/local/lib -L/Users/west/.rvm/usr/lib -L. -L/usr/local/lib    -lz -lm  -lruby.1.9.1-static -lmysqlclient -lz -lm  -lpthread -ldl -lobjc "
ld: library not found for -lmysqlclient
collect2: ld returned 1 exit status
checked program was:
/* begin */
1: #include "ruby.h"
2: 
3: /*top*/
4: int main() {return 0;}
5: int t() { mysql_query(); return 0; }
/* end */

"/usr/bin/gcc-4.2 -o conftest -I/Users/west/.rvm/rubies/ruby-1.9.2-p318/include/ruby-1.9.1/x86_64-darwin11.3.0 -I/Users/west/.rvm/rubies/ruby-1.9.2-p318/include/ruby-1.9.1/ruby/backward -I/Users/west/.rvm/rubies/ruby-1.9.2-p318/include/ruby-1.9.1 -I. -I/usr/local/include -I/Users/west/.rvm/usr/include -D_XOPEN_SOURCE -D_DARWIN_C_SOURCE    -O3 -ggdb -Wextra -Wno-unused-parameter -Wno-parentheses -Wpointer-arith -Wwrite-strings -Wno-missing-field-initializers -Wshorten-64-to-32 -Wno-long-long  -fno-common -pipe conftest.c  -L. -L/Users/west/.rvm/rubies/ruby-1.9.2-p318/lib -L/usr/local/lib -L/Users/west/.rvm/usr/lib -L/usr/local/lib/mysql -L. -L/usr/local/lib    -lz -lm  -lruby.1.9.1-static -lmysqlclient -lz -lm  -lpthread -ldl -lobjc "
conftest.c: In function ‘t’:
conftest.c:5: error: ‘mysql_query’ undeclared (first use in this function)
conftest.c:5: error: (Each undeclared identifier is reported only once
conftest.c:5: error: for each function it appears in.)
checked program was:
/* begin */
1: #include "ruby.h"
2: 
3: /*top*/
4: int main() {return 0;}
5: int t() { void ((*volatile p)()); p = (void ((*)()))mysql_query; return 0; }
/* end */

"/usr/bin/gcc-4.2 -o conftest -I/Users/west/.rvm/rubies/ruby-1.9.2-p318/include/ruby-1.9.1/x86_64-darwin11.3.0 -I/Users/west/.rvm/rubies/ruby-1.9.2-p318/include/ruby-1.9.1/ruby/backward -I/Users/west/.rvm/rubies/ruby-1.9.2-p318/include/ruby-1.9.1 -I. -I/usr/local/include -I/Users/west/.rvm/usr/include -D_XOPEN_SOURCE -D_DARWIN_C_SOURCE    -O3 -ggdb -Wextra -Wno-unused-parameter -Wno-parentheses -Wpointer-arith -Wwrite-strings -Wno-missing-field-initializers -Wshorten-64-to-32 -Wno-long-long  -fno-common -pipe conftest.c  -L. -L/Users/west/.rvm/rubies/ruby-1.9.2-p318/lib -L/usr/local/lib -L/Users/west/.rvm/usr/lib -L/usr/local/lib/mysql -L. -L/usr/local/lib    -lz -lm  -lruby.1.9.1-static -lmysqlclient -lz -lm  -lpthread -ldl -lobjc "
ld: warning: directory not found for option '-L/usr/local/lib/mysql'
ld: library not found for -lmysqlclient
collect2: ld returned 1 exit status
checked program was:
/* begin */
1: #include "ruby.h"
2: 
3: /*top*/
4: int main() {return 0;}
5: int t() { mysql_query(); return 0; }
/* end */

--------------------

have_library: checking for main() in -lnsl... -------------------- no

"/usr/bin/gcc-4.2 -o conftest -I/Users/west/.rvm/rubies/ruby-1.9.2-p318/include/ruby-1.9.1/x86_64-darwin11.3.0 -I/Users/west/.rvm/rubies/ruby-1.9.2-p318/include/ruby-1.9.1/ruby/backward -I/Users/west/.rvm/rubies/ruby-1.9.2-p318/include/ruby-1.9.1 -I. -I/usr/local/include -I/Users/west/.rvm/usr/include -D_XOPEN_SOURCE -D_DARWIN_C_SOURCE    -O3 -ggdb -Wextra -Wno-unused-parameter -Wno-parentheses -Wpointer-arith -Wwrite-strings -Wno-missing-field-initializers -Wshorten-64-to-32 -Wno-long-long  -fno-common -pipe conftest.c  -L. -L/Users/west/.rvm/rubies/ruby-1.9.2-p318/lib -L/usr/local/lib -L/Users/west/.rvm/usr/lib -L. -L/usr/local/lib    -lz -lm  -lruby.1.9.1-static -lnsl -lz -lm  -lpthread -ldl -lobjc "
ld: library not found for -lnsl
collect2: ld returned 1 exit status
checked program was:
/* begin */
1: #include "ruby.h"
2: 
3: /*top*/
4: int main() {return 0;}
5: int t() { void ((*volatile p)()); p = (void ((*)()))main; return 0; }
/* end */

"/usr/bin/gcc-4.2 -o conftest -I/Users/west/.rvm/rubies/ruby-1.9.2-p318/include/ruby-1.9.1/x86_64-darwin11.3.0 -I/Users/west/.rvm/rubies/ruby-1.9.2-p318/include/ruby-1.9.1/ruby/backward -I/Users/west/.rvm/rubies/ruby-1.9.2-p318/include/ruby-1.9.1 -I. -I/usr/local/include -I/Users/west/.rvm/usr/include -D_XOPEN_SOURCE -D_DARWIN_C_SOURCE    -O3 -ggdb -Wextra -Wno-unused-parameter -Wno-parentheses -Wpointer-arith -Wwrite-strings -Wno-missing-field-initializers -Wshorten-64-to-32 -Wno-long-long  -fno-common -pipe conftest.c  -L. -L/Users/west/.rvm/rubies/ruby-1.9.2-p318/lib -L/usr/local/lib -L/Users/west/.rvm/usr/lib -L. -L/usr/local/lib    -lz -lm  -lruby.1.9.1-static -lnsl -lz -lm  -lpthread -ldl -lobjc "
ld: library not found for -lnsl
collect2: ld returned 1 exit status
checked program was:
/* begin */
1: #include "ruby.h"
2: 
3: /*top*/
4: int main() {return 0;}
5: int t() { main(); return 0; }
/* end */

--------------------

find_library: checking for mysql_query() in -lmysqlclient... -------------------- no

"/usr/bin/gcc-4.2 -o conftest -I/Users/west/.rvm/rubies/ruby-1.9.2-p318/include/ruby-1.9.1/x86_64-darwin11.3.0 -I/Users/west/.rvm/rubies/ruby-1.9.2-p318/include/ruby-1.9.1/ruby/backward -I/Users/west/.rvm/rubies/ruby-1.9.2-p318/include/ruby-1.9.1 -I. -I/usr/local/include -I/Users/west/.rvm/usr/include -D_XOPEN_SOURCE -D_DARWIN_C_SOURCE    -O3 -ggdb -Wextra -Wno-unused-parameter -Wno-parentheses -Wpointer-arith -Wwrite-strings -Wno-missing-field-initializers -Wshorten-64-to-32 -Wno-long-long  -fno-common -pipe conftest.c  -L. -L/Users/west/.rvm/rubies/ruby-1.9.2-p318/lib -L/usr/local/lib -L/Users/west/.rvm/usr/lib -L. -L/usr/local/lib    -lz -lm  -lruby.1.9.1-static -lmysqlclient -lz -lm  -lpthread -ldl -lobjc "
conftest.c: In function ‘t’:
conftest.c:5: error: ‘mysql_query’ undeclared (first use in this function)
conftest.c:5: error: (Each undeclared identifier is reported only once
conftest.c:5: error: for each function it appears in.)
checked program was:
/* begin */
1: #include "ruby.h"
2: 
3: /*top*/
4: int main() {return 0;}
5: int t() { void ((*volatile p)()); p = (void ((*)()))mysql_query; return 0; }
/* end */

"/usr/bin/gcc-4.2 -o conftest -I/Users/west/.rvm/rubies/ruby-1.9.2-p318/include/ruby-1.9.1/x86_64-darwin11.3.0 -I/Users/west/.rvm/rubies/ruby-1.9.2-p318/include/ruby-1.9.1/ruby/backward -I/Users/west/.rvm/rubies/ruby-1.9.2-p318/include/ruby-1.9.1 -I. -I/usr/local/include -I/Users/west/.rvm/usr/include -D_XOPEN_SOURCE -D_DARWIN_C_SOURCE    -O3 -ggdb -Wextra -Wno-unused-parameter -Wno-parentheses -Wpointer-arith -Wwrite-strings -Wno-missing-field-initializers -Wshorten-64-to-32 -Wno-long-long  -fno-common -pipe conftest.c  -L. -L/Users/west/.rvm/rubies/ruby-1.9.2-p318/lib -L/usr/local/lib -L/Users/west/.rvm/usr/lib -L. -L/usr/local/lib    -lz -lm  -lruby.1.9.1-static -lmysqlclient -lz -lm  -lpthread -ldl -lobjc "
ld: library not found for -lmysqlclient
collect2: ld returned 1 exit status
checked program was:
/* begin */
1: #include "ruby.h"
2: 
3: /*top*/
4: int main() {return 0;}
5: int t() { mysql_query(); return 0; }
/* end */

"/usr/bin/gcc-4.2 -o conftest -I/Users/west/.rvm/rubies/ruby-1.9.2-p318/include/ruby-1.9.1/x86_64-darwin11.3.0 -I/Users/west/.rvm/rubies/ruby-1.9.2-p318/include/ruby-1.9.1/ruby/backward -I/Users/west/.rvm/rubies/ruby-1.9.2-p318/include/ruby-1.9.1 -I. -I/usr/local/include -I/Users/west/.rvm/usr/include -D_XOPEN_SOURCE -D_DARWIN_C_SOURCE    -O3 -ggdb -Wextra -Wno-unused-parameter -Wno-parentheses -Wpointer-arith -Wwrite-strings -Wno-missing-field-initializers -Wshorten-64-to-32 -Wno-long-long  -fno-common -pipe conftest.c  -L. -L/Users/west/.rvm/rubies/ruby-1.9.2-p318/lib -L/usr/local/lib -L/Users/west/.rvm/usr/lib -L. -L/usr/local/lib    -lz -lm  -lruby.1.9.1-static -lmysqlclient -lz -lm  -lpthread -ldl -lobjc "
conftest.c: In function ‘t’:
conftest.c:5: error: ‘mysql_query’ undeclared (first use in this function)
conftest.c:5: error: (Each undeclared identifier is reported only once
conftest.c:5: error: for each function it appears in.)
checked program was:
/* begin */
1: #include "ruby.h"
2: 
3: /*top*/
4: int main() {return 0;}
5: int t() { void ((*volatile p)()); p = (void ((*)()))mysql_query; return 0; }
/* end */

"/usr/bin/gcc-4.2 -o conftest -I/Users/west/.rvm/rubies/ruby-1.9.2-p318/include/ruby-1.9.1/x86_64-darwin11.3.0 -I/Users/west/.rvm/rubies/ruby-1.9.2-p318/include/ruby-1.9.1/ruby/backward -I/Users/west/.rvm/rubies/ruby-1.9.2-p318/include/ruby-1.9.1 -I. -I/usr/local/include -I/Users/west/.rvm/usr/include -D_XOPEN_SOURCE -D_DARWIN_C_SOURCE    -O3 -ggdb -Wextra -Wno-unused-parameter -Wno-parentheses -Wpointer-arith -Wwrite-strings -Wno-missing-field-initializers -Wshorten-64-to-32 -Wno-long-long  -fno-common -pipe conftest.c  -L. -L/Users/west/.rvm/rubies/ruby-1.9.2-p318/lib -L/usr/local/lib -L/Users/west/.rvm/usr/lib -L. -L/usr/local/lib    -lz -lm  -lruby.1.9.1-static -lmysqlclient -lz -lm  -lpthread -ldl -lobjc "
ld: library not found for -lmysqlclient
collect2: ld returned 1 exit status
checked program was:
/* begin */
1: #include "ruby.h"
2: 
3: /*top*/
4: int main() {return 0;}
5: int t() { mysql_query(); return 0; }
/* end */

"/usr/bin/gcc-4.2 -o conftest -I/Users/west/.rvm/rubies/ruby-1.9.2-p318/include/ruby-1.9.1/x86_64-darwin11.3.0 -I/Users/west/.rvm/rubies/ruby-1.9.2-p318/include/ruby-1.9.1/ruby/backward -I/Users/west/.rvm/rubies/ruby-1.9.2-p318/include/ruby-1.9.1 -I. -I/usr/local/include -I/Users/west/.rvm/usr/include -D_XOPEN_SOURCE -D_DARWIN_C_SOURCE    -O3 -ggdb -Wextra -Wno-unused-parameter -Wno-parentheses -Wpointer-arith -Wwrite-strings -Wno-missing-field-initializers -Wshorten-64-to-32 -Wno-long-long  -fno-common -pipe conftest.c  -L. -L/Users/west/.rvm/rubies/ruby-1.9.2-p318/lib -L/usr/local/lib -L/Users/west/.rvm/usr/lib -L/usr/local/lib/mysql -L. -L/usr/local/lib    -lz -lm  -lruby.1.9.1-static -lmysqlclient -lz -lm  -lpthread -ldl -lobjc "
conftest.c: In function ‘t’:
conftest.c:5: error: ‘mysql_query’ undeclared (first use in this function)
conftest.c:5: error: (Each undeclared identifier is reported only once
conftest.c:5: error: for each function it appears in.)
checked program was:
/* begin */
1: #include "ruby.h"
2: 
3: /*top*/
4: int main() {return 0;}
5: int t() { void ((*volatile p)()); p = (void ((*)()))mysql_query; return 0; }
/* end */

"/usr/bin/gcc-4.2 -o conftest -I/Users/west/.rvm/rubies/ruby-1.9.2-p318/include/ruby-1.9.1/x86_64-darwin11.3.0 -I/Users/west/.rvm/rubies/ruby-1.9.2-p318/include/ruby-1.9.1/ruby/backward -I/Users/west/.rvm/rubies/ruby-1.9.2-p318/include/ruby-1.9.1 -I. -I/usr/local/include -I/Users/west/.rvm/usr/include -D_XOPEN_SOURCE -D_DARWIN_C_SOURCE    -O3 -ggdb -Wextra -Wno-unused-parameter -Wno-parentheses -Wpointer-arith -Wwrite-strings -Wno-missing-field-initializers -Wshorten-64-to-32 -Wno-long-long  -fno-common -pipe conftest.c  -L. -L/Users/west/.rvm/rubies/ruby-1.9.2-p318/lib -L/usr/local/lib -L/Users/west/.rvm/usr/lib -L/usr/local/lib/mysql -L. -L/usr/local/lib    -lz -lm  -lruby.1.9.1-static -lmysqlclient -lz -lm  -lpthread -ldl -lobjc "
ld: warning: directory not found for option '-L/usr/local/lib/mysql'
ld: library not found for -lmysqlclient
collect2: ld returned 1 exit status
checked program was:
/* begin */
1: #include "ruby.h"
2: 
3: /*top*/
4: int main() {return 0;}
5: int t() { mysql_query(); return 0; }
/* end */

--------------------

have_library: checking for main() in -lmygcc... -------------------- no

"/usr/bin/gcc-4.2 -o conftest -I/Users/west/.rvm/rubies/ruby-1.9.2-p318/include/ruby-1.9.1/x86_64-darwin11.3.0 -I/Users/west/.rvm/rubies/ruby-1.9.2-p318/include/ruby-1.9.1/ruby/backward -I/Users/west/.rvm/rubies/ruby-1.9.2-p318/include/ruby-1.9.1 -I. -I/usr/local/include -I/Users/west/.rvm/usr/include -D_XOPEN_SOURCE -D_DARWIN_C_SOURCE    -O3 -ggdb -Wextra -Wno-unused-parameter -Wno-parentheses -Wpointer-arith -Wwrite-strings -Wno-missing-field-initializers -Wshorten-64-to-32 -Wno-long-long  -fno-common -pipe conftest.c  -L. -L/Users/west/.rvm/rubies/ruby-1.9.2-p318/lib -L/usr/local/lib -L/Users/west/.rvm/usr/lib -L. -L/usr/local/lib    -lz -lm  -lruby.1.9.1-static -lmygcc -lz -lm  -lpthread -ldl -lobjc "
ld: library not found for -lmygcc
collect2: ld returned 1 exit status
checked program was:
/* begin */
1: #include "ruby.h"
2: 
3: /*top*/
4: int main() {return 0;}
5: int t() { void ((*volatile p)()); p = (void ((*)()))main; return 0; }
/* end */

"/usr/bin/gcc-4.2 -o conftest -I/Users/west/.rvm/rubies/ruby-1.9.2-p318/include/ruby-1.9.1/x86_64-darwin11.3.0 -I/Users/west/.rvm/rubies/ruby-1.9.2-p318/include/ruby-1.9.1/ruby/backward -I/Users/west/.rvm/rubies/ruby-1.9.2-p318/include/ruby-1.9.1 -I. -I/usr/local/include -I/Users/west/.rvm/usr/include -D_XOPEN_SOURCE -D_DARWIN_C_SOURCE    -O3 -ggdb -Wextra -Wno-unused-parameter -Wno-parentheses -Wpointer-arith -Wwrite-strings -Wno-missing-field-initializers -Wshorten-64-to-32 -Wno-long-long  -fno-common -pipe conftest.c  -L. -L/Users/west/.rvm/rubies/ruby-1.9.2-p318/lib -L/usr/local/lib -L/Users/west/.rvm/usr/lib -L. -L/usr/local/lib    -lz -lm  -lruby.1.9.1-static -lmygcc -lz -lm  -lpthread -ldl -lobjc "
ld: library not found for -lmygcc
collect2: ld returned 1 exit status
checked program was:
/* begin */
1: #include "ruby.h"
2: 
3: /*top*/
4: int main() {return 0;}
5: int t() { main(); return 0; }
/* end */

--------------------

find_library: checking for mysql_query() in -lmysqlclient... -------------------- no

"/usr/bin/gcc-4.2 -o conftest -I/Users/west/.rvm/rubies/ruby-1.9.2-p318/include/ruby-1.9.1/x86_64-darwin11.3.0 -I/Users/west/.rvm/rubies/ruby-1.9.2-p318/include/ruby-1.9.1/ruby/backward -I/Users/west/.rvm/rubies/ruby-1.9.2-p318/include/ruby-1.9.1 -I. -I/usr/local/include -I/Users/west/.rvm/usr/include -D_XOPEN_SOURCE -D_DARWIN_C_SOURCE    -O3 -ggdb -Wextra -Wno-unused-parameter -Wno-parentheses -Wpointer-arith -Wwrite-strings -Wno-missing-field-initializers -Wshorten-64-to-32 -Wno-long-long  -fno-common -pipe conftest.c  -L. -L/Users/west/.rvm/rubies/ruby-1.9.2-p318/lib -L/usr/local/lib -L/Users/west/.rvm/usr/lib -L. -L/usr/local/lib    -lz -lm  -lruby.1.9.1-static -lmysqlclient -lz -lm  -lpthread -ldl -lobjc "
conftest.c: In function ‘t’:
conftest.c:5: error: ‘mysql_query’ undeclared (first use in this function)
conftest.c:5: error: (Each undeclared identifier is reported only once
conftest.c:5: error: for each function it appears in.)
checked program was:
/* begin */
1: #include "ruby.h"
2: 
3: /*top*/
4: int main() {return 0;}
5: int t() { void ((*volatile p)()); p = (void ((*)()))mysql_query; return 0; }
/* end */

"/usr/bin/gcc-4.2 -o conftest -I/Users/west/.rvm/rubies/ruby-1.9.2-p318/include/ruby-1.9.1/x86_64-darwin11.3.0 -I/Users/west/.rvm/rubies/ruby-1.9.2-p318/include/ruby-1.9.1/ruby/backward -I/Users/west/.rvm/rubies/ruby-1.9.2-p318/include/ruby-1.9.1 -I. -I/usr/local/include -I/Users/west/.rvm/usr/include -D_XOPEN_SOURCE -D_DARWIN_C_SOURCE    -O3 -ggdb -Wextra -Wno-unused-parameter -Wno-parentheses -Wpointer-arith -Wwrite-strings -Wno-missing-field-initializers -Wshorten-64-to-32 -Wno-long-long  -fno-common -pipe conftest.c  -L. -L/Users/west/.rvm/rubies/ruby-1.9.2-p318/lib -L/usr/local/lib -L/Users/west/.rvm/usr/lib -L. -L/usr/local/lib    -lz -lm  -lruby.1.9.1-static -lmysqlclient -lz -lm  -lpthread -ldl -lobjc "
ld: library not found for -lmysqlclient
collect2: ld returned 1 exit status
checked program was:
/* begin */
1: #include "ruby.h"
2: 
3: /*top*/
4: int main() {return 0;}
5: int t() { mysql_query(); return 0; }
/* end */

"/usr/bin/gcc-4.2 -o conftest -I/Users/west/.rvm/rubies/ruby-1.9.2-p318/include/ruby-1.9.1/x86_64-darwin11.3.0 -I/Users/west/.rvm/rubies/ruby-1.9.2-p318/include/ruby-1.9.1/ruby/backward -I/Users/west/.rvm/rubies/ruby-1.9.2-p318/include/ruby-1.9.1 -I. -I/usr/local/include -I/Users/west/.rvm/usr/include -D_XOPEN_SOURCE -D_DARWIN_C_SOURCE    -O3 -ggdb -Wextra -Wno-unused-parameter -Wno-parentheses -Wpointer-arith -Wwrite-strings -Wno-missing-field-initializers -Wshorten-64-to-32 -Wno-long-long  -fno-common -pipe conftest.c  -L. -L/Users/west/.rvm/rubies/ruby-1.9.2-p318/lib -L/usr/local/lib -L/Users/west/.rvm/usr/lib -L. -L/usr/local/lib    -lz -lm  -lruby.1.9.1-static -lmysqlclient -lz -lm  -lpthread -ldl -lobjc "
conftest.c: In function ‘t’:
conftest.c:5: error: ‘mysql_query’ undeclared (first use in this function)
conftest.c:5: error: (Each undeclared identifier is reported only once
conftest.c:5: error: for each function it appears in.)
checked program was:
/* begin */
1: #include "ruby.h"
2: 
3: /*top*/
4: int main() {return 0;}
5: int t() { void ((*volatile p)()); p = (void ((*)()))mysql_query; return 0; }
/* end */

"/usr/bin/gcc-4.2 -o conftest -I/Users/west/.rvm/rubies/ruby-1.9.2-p318/include/ruby-1.9.1/x86_64-darwin11.3.0 -I/Users/west/.rvm/rubies/ruby-1.9.2-p318/include/ruby-1.9.1/ruby/backward -I/Users/west/.rvm/rubies/ruby-1.9.2-p318/include/ruby-1.9.1 -I. -I/usr/local/include -I/Users/west/.rvm/usr/include -D_XOPEN_SOURCE -D_DARWIN_C_SOURCE    -O3 -ggdb -Wextra -Wno-unused-parameter -Wno-parentheses -Wpointer-arith -Wwrite-strings -Wno-missing-field-initializers -Wshorten-64-to-32 -Wno-long-long  -fno-common -pipe conftest.c  -L. -L/Users/west/.rvm/rubies/ruby-1.9.2-p318/lib -L/usr/local/lib -L/Users/west/.rvm/usr/lib -L. -L/usr/local/lib    -lz -lm  -lruby.1.9.1-static -lmysqlclient -lz -lm  -lpthread -ldl -lobjc "
ld: library not found for -lmysqlclient
collect2: ld returned 1 exit status
checked program was:
/* begin */
1: #include "ruby.h"
2: 
3: /*top*/
4: int main() {return 0;}
5: int t() { mysql_query(); return 0; }
/* end */

"/usr/bin/gcc-4.2 -o conftest -I/Users/west/.rvm/rubies/ruby-1.9.2-p318/include/ruby-1.9.1/x86_64-darwin11.3.0 -I/Users/west/.rvm/rubies/ruby-1.9.2-p318/include/ruby-1.9.1/ruby/backward -I/Users/west/.rvm/rubies/ruby-1.9.2-p318/include/ruby-1.9.1 -I. -I/usr/local/include -I/Users/west/.rvm/usr/include -D_XOPEN_SOURCE -D_DARWIN_C_SOURCE    -O3 -ggdb -Wextra -Wno-unused-parameter -Wno-parentheses -Wpointer-arith -Wwrite-strings -Wno-missing-field-initializers -Wshorten-64-to-32 -Wno-long-long  -fno-common -pipe conftest.c  -L. -L/Users/west/.rvm/rubies/ruby-1.9.2-p318/lib -L/usr/local/lib -L/Users/west/.rvm/usr/lib -L/usr/local/lib/mysql -L. -L/usr/local/lib    -lz -lm  -lruby.1.9.1-static -lmysqlclient -lz -lm  -lpthread -ldl -lobjc "
conftest.c: In function ‘t’:
conftest.c:5: error: ‘mysql_query’ undeclared (first use in this function)
conftest.c:5: error: (Each undeclared identifier is reported only once
conftest.c:5: error: for each function it appears in.)
checked program was:
/* begin */
1: #include "ruby.h"
2: 
3: /*top*/
4: int main() {return 0;}
5: int t() { void ((*volatile p)()); p = (void ((*)()))mysql_query; return 0; }
/* end */

"/usr/bin/gcc-4.2 -o conftest -I/Users/west/.rvm/rubies/ruby-1.9.2-p318/include/ruby-1.9.1/x86_64-darwin11.3.0 -I/Users/west/.rvm/rubies/ruby-1.9.2-p318/include/ruby-1.9.1/ruby/backward -I/Users/west/.rvm/rubies/ruby-1.9.2-p318/include/ruby-1.9.1 -I. -I/usr/local/include -I/Users/west/.rvm/usr/include -D_XOPEN_SOURCE -D_DARWIN_C_SOURCE    -O3 -ggdb -Wextra -Wno-unused-parameter -Wno-parentheses -Wpointer-arith -Wwrite-strings -Wno-missing-field-initializers -Wshorten-64-to-32 -Wno-long-long  -fno-common -pipe conftest.c  -L. -L/Users/west/.rvm/rubies/ruby-1.9.2-p318/lib -L/usr/local/lib -L/Users/west/.rvm/usr/lib -L/usr/local/lib/mysql -L. -L/usr/local/lib    -lz -lm  -lruby.1.9.1-static -lmysqlclient -lz -lm  -lpthread -ldl -lobjc "
ld: warning: directory not found for option '-L/usr/local/lib/mysql'
ld: library not found for -lmysqlclient
collect2: ld returned 1 exit status
checked program was:
/* begin */
1: #include "ruby.h"
2: 
3: /*top*/
4: int main() {return 0;}
5: int t() { mysql_query(); return 0; }
/* end */

--------------------

